Build started 2/24/2014 10:53:20 PM.
     1>Project "C:\Users\charl_000\documents\visual studio 2013\Projects\Ray Tracer\Ray Tracer\Ray Tracer.vcxproj" on node 2 (Build target(s)).
     1>ClCompile:
         C:\Program Files (x86)\Microsoft Visual Studio 12.0\VC\bin\CL.exe /c /ZI /nologo /W3 /WX- /sdl /Od /Oy- /D WIN32 /D _DEBUG /D _CONSOLE /D _LIB /D _UNICODE /D UNICODE /Gm /EHsc /RTC1 /MDd /GS /fp:precise /Zc:wchar_t /Zc:forScope /openmp /Fo"Debug\\" /Fd"Debug\vc120.pdb" /Gd /TP /analyze- /errorReport:prompt DisplayEngine.cpp ObjLoader.cpp Triangle.cpp
         Triangle.cpp
     1>c:\users\charl_000\documents\visual studio 2013\projects\ray tracer\ray tracer\triangle.cpp(32): warning C4244: 'initializing' : conversion from 'double' to 'float', possible loss of data
     1>c:\users\charl_000\documents\visual studio 2013\projects\ray tracer\ray tracer\triangle.cpp(36): warning C4244: 'initializing' : conversion from 'double' to 'float', possible loss of data
     1>c:\users\charl_000\documents\visual studio 2013\projects\ray tracer\ray tracer\triangle.cpp(39): warning C4244: '=' : conversion from 'double' to 'float', possible loss of data
         ObjLoader.cpp
     1>c:\users\charl_000\documents\visual studio 2013\projects\ray tracer\ray tracer\objloader.cpp(29): warning C4244: '=' : conversion from 'double' to 'float', possible loss of data
     1>c:\users\charl_000\documents\visual studio 2013\projects\ray tracer\ray tracer\objloader.cpp(49): warning C4244: '=' : conversion from 'int' to 'float', possible loss of data
     1>c:\users\charl_000\documents\visual studio 2013\projects\ray tracer\ray tracer\objloader.cpp(50): warning C4244: '=' : conversion from 'int' to 'float', possible loss of data
     1>c:\users\charl_000\documents\visual studio 2013\projects\ray tracer\ray tracer\objloader.cpp(70): warning C4018: '<' : signed/unsigned mismatch
     1>c:\users\charl_000\documents\visual studio 2013\projects\ray tracer\ray tracer\objloader.cpp(73): warning C4244: 'argument' : conversion from 'float' to 'unsigned int', possible loss of data
     1>c:\users\charl_000\documents\visual studio 2013\projects\ray tracer\ray tracer\objloader.cpp(74): warning C4244: 'argument' : conversion from 'float' to 'unsigned int', possible loss of data
     1>c:\users\charl_000\documents\visual studio 2013\projects\ray tracer\ray tracer\objloader.cpp(75): warning C4244: 'argument' : conversion from 'float' to 'unsigned int', possible loss of data
         Generating Code...
         Skipping... (no relevant changes detected)
         DisplayEngine.cpp
       Link:
         C:\Program Files (x86)\Microsoft Visual Studio 12.0\VC\bin\link.exe /ERRORREPORT:PROMPT /OUT:"C:\Users\charl_000\documents\visual studio 2013\Projects\Ray Tracer\Debug\Ray Tracer.exe" /INCREMENTAL /NOLOGO glew32.lib glu32.lib opengl32.lib glut32.lib kernel32.lib user32.lib gdi32.lib winspool.lib comdlg32.lib advapi32.lib shell32.lib ole32.lib oleaut32.lib uuid.lib odbc32.lib odbccp32.lib kernel32.lib user32.lib gdi32.lib winspool.lib comdlg32.lib advapi32.lib shell32.lib ole32.lib oleaut32.lib uuid.lib odbc32.lib odbccp32.lib /MANIFEST /MANIFESTUAC:"level='asInvoker' uiAccess='false'" /manifest:embed /DEBUG /PDB:"C:\Users\charl_000\documents\visual studio 2013\Projects\Ray Tracer\Debug\Ray Tracer.pdb" /SUBSYSTEM:CONSOLE /TLBID:1 /DYNAMICBASE /NXCOMPAT /IMPLIB:"C:\Users\charl_000\documents\visual studio 2013\Projects\Ray Tracer\Debug\Ray Tracer.lib" /MACHINE:X86 Debug\DisplayEngine.obj
         Debug\ObjLoader.obj
         "Debug\Ray Tracer.obj"
         Debug\Sphere.obj
         Debug\Triangle.obj
         Ray Tracer.vcxproj -> C:\Users\charl_000\documents\visual studio 2013\Projects\Ray Tracer\Debug\Ray Tracer.exe
     1>Done Building Project "C:\Users\charl_000\documents\visual studio 2013\Projects\Ray Tracer\Ray Tracer\Ray Tracer.vcxproj" (Build target(s)).

Build succeeded.

Time Elapsed 00:00:02.22
